<?xml version="1.0" encoding="UTF-8"?>
<!-- Generated by org.testng.reporters.JUnitReportReporter -->
<testsuite hostname="LWO1-LDL-A11632" failures="0" tests="1" name="API_Tests.apiTest" time="4.867" errors="0" timestamp="2023-02-16T16:37:30 EET" skipped="0">
  <testcase classname="API_Tests.apiTest" name="testUsers" time="4.867"/>
  <system-out/>
</testsuite> <!-- API_Tests.apiTest -->
