<?xml version="1.0" encoding="UTF-8"?>
<!-- Generated by org.testng.reporters.JUnitReportReporter -->
<testsuite hostname="LWO1-LDL-A11632" failures="0" tests="5" name="UI_Tests.uiTests" time="24.742" errors="0" timestamp="2023-02-16T16:37:30 EET" skipped="0">
  <testcase classname="UI_Tests.uiTests" name="calcPlusTest" time="1.003"/>
  <system-out/>
  <testcase classname="UI_Tests.uiTests" name="calcDivideTest" time="18.929"/>
  <system-out/>
  <testcase classname="UI_Tests.uiTests" name="calcMultiplyTest" time="1.247"/>
  <system-out/>
  <testcase classname="UI_Tests.uiTests" name="calcMinusTest" time="2.516"/>
  <system-out/>
  <testcase classname="UI_Tests.uiTests" name="calcPlusTest2" time="1.047"/>
  <system-out/>
</testsuite> <!-- UI_Tests.uiTests -->
